<?xml version="1.0" encoding="UTF-8"?>
<coverage generated="1752416021330" clover="3.2.0">
  <project timestamp="1752416021330" name="All files">
    <metrics statements="12" coveredstatements="10" conditionals="4" coveredconditionals="1" methods="4" coveredmethods="3" elements="20" coveredelements="14" complexity="0" loc="12" ncloc="12" packages="1" files="1" classes="1"/>
    <file name="app.js" path="C:\Users\jinda\Downloads\GITLEARN\my-express-app\app.js">
      <metrics statements="12" coveredstatements="10" conditionals="4" coveredconditionals="1" methods="4" coveredmethods="3"/>
      <line num="2" count="1" type="stmt"/>
      <line num="3" count="1" type="stmt"/>
      <line num="6" count="1" type="stmt"/>
      <line num="7" count="1" type="stmt"/>
      <line num="10" count="1" type="stmt"/>
      <line num="11" count="1" type="stmt"/>
      <line num="15" count="1" type="stmt"/>
      <line num="16" count="1" type="stmt"/>
      <line num="20" count="1" type="cond" truecount="1" falsecount="1"/>
      <line num="21" count="0" type="cond" truecount="0" falsecount="2"/>
      <line num="22" count="0" type="stmt"/>
      <line num="25" count="1" type="stmt"/>
    </file>
  </project>
</coverage>
